  Window.cpp
c:\users\kraken lmk2\documents\school\spring16\cs167final\cse167-final-project\globals.h(47): warning C4305: 'initializing': truncation from 'double' to 'float'
c:\users\kraken lmk2\documents\school\spring16\cs167final\cse167-final-project\texture.h(5): fatal error C1083: Cannot open include file: 'SOIL.h': No such file or directory
  Texture.cpp
c:\users\kraken lmk2\documents\school\spring16\cs167final\cse167-final-project\texture.h(5): fatal error C1083: Cannot open include file: 'SOIL.h': No such file or directory
  TerrainTextureController.cpp
c:\users\kraken lmk2\documents\school\spring16\cs167final\cse167-final-project\globals.h(47): warning C4305: 'initializing': truncation from 'double' to 'float'
c:\users\kraken lmk2\documents\school\spring16\cs167final\cse167-final-project\texture.h(5): fatal error C1083: Cannot open include file: 'SOIL.h': No such file or directory
  TerrainHeightGenerator.cpp
c:\users\kraken lmk2\documents\school\spring16\cs167final\cse167-final-project\globals.h(47): warning C4305: 'initializing': truncation from 'double' to 'float'
c:\users\kraken lmk2\documents\school\spring16\cs167final\cse167-final-project\terrainheightgenerator.cpp(13): warning C4244: 'initializing': conversion from 'double' to 'float', possible loss of data
c:\users\kraken lmk2\documents\school\spring16\cs167final\cse167-final-project\terrainheightgenerator.cpp(26): warning C4244: 'argument': conversion from 'float' to 'int', possible loss of data
c:\users\kraken lmk2\documents\school\spring16\cs167final\cse167-final-project\terrainheightgenerator.cpp(27): warning C4244: 'argument': conversion from 'float' to 'int', possible loss of data
c:\users\kraken lmk2\documents\school\spring16\cs167final\cse167-final-project\terrainheightgenerator.cpp(28): warning C4244: 'argument': conversion from 'float' to 'int', possible loss of data
c:\users\kraken lmk2\documents\school\spring16\cs167final\cse167-final-project\terrainheightgenerator.cpp(29): warning C4244: 'argument': conversion from 'float' to 'int', possible loss of data
c:\users\kraken lmk2\documents\school\spring16\cs167final\cse167-final-project\terrainheightgenerator.cpp(53): warning C4244: 'return': conversion from 'double' to 'float', possible loss of data
c:\users\kraken lmk2\documents\school\spring16\cs167final\cse167-final-project\terrainheightgenerator.cpp(60): warning C4244: 'initializing': conversion from 'double' to 'float', possible loss of data
c:\users\kraken lmk2\documents\school\spring16\cs167final\cse167-final-project\terrainheightgenerator.cpp(66): warning C4244: 'argument': conversion from 'time_t' to 'unsigned int', possible loss of data
  Terrain.cpp
c:\users\kraken lmk2\documents\school\spring16\cs167final\cse167-final-project\globals.h(47): warning C4305: 'initializing': truncation from 'double' to 'float'
c:\users\kraken lmk2\documents\school\spring16\cs167final\cse167-final-project\texture.h(5): fatal error C1083: Cannot open include file: 'SOIL.h': No such file or directory
  Target.cpp
c:\users\kraken lmk2\documents\school\spring16\cs167final\cse167-final-project\globals.h(47): warning C4305: 'initializing': truncation from 'double' to 'float'
c:\users\kraken lmk2\documents\school\spring16\cs167final\cse167-final-project\texture.h(5): fatal error C1083: Cannot open include file: 'SOIL.h': No such file or directory
  straight.cpp
c:\users\kraken lmk2\documents\school\spring16\cs167final\cse167-final-project\globals.h(47): warning C4305: 'initializing': truncation from 'double' to 'float'
c:\users\kraken lmk2\documents\school\spring16\cs167final\cse167-final-project\texture.h(5): fatal error C1083: Cannot open include file: 'SOIL.h': No such file or directory
  skybox.cpp
c:\users\kraken lmk2\documents\school\spring16\cs167final\cse167-final-project\globals.h(47): warning C4305: 'initializing': truncation from 'double' to 'float'
c:\users\kraken lmk2\documents\school\spring16\cs167final\cse167-final-project\texture.h(5): fatal error C1083: Cannot open include file: 'SOIL.h': No such file or directory
  shader.cpp
  ppmLoader.cpp
c:\users\kraken lmk2\documents\school\spring16\cs167final\cse167-final-project\ppmloader.cpp(48): warning C4267: '=': conversion from 'size_t' to 'unsigned int', possible loss of data
  ParticleSystem.cpp
c:\users\kraken lmk2\documents\school\spring16\cs167final\cse167-final-project\globals.h(47): warning C4305: 'initializing': truncation from 'double' to 'float'
c:\users\kraken lmk2\documents\school\spring16\cs167final\cse167-final-project\texture.h(5): fatal error C1083: Cannot open include file: 'SOIL.h': No such file or directory
  main.cpp
c:\users\kraken lmk2\documents\school\spring16\cs167final\cse167-final-project\globals.h(47): warning C4305: 'initializing': truncation from 'double' to 'float'
  Cube.cpp
c:\users\kraken lmk2\documents\school\spring16\cs167final\cse167-final-project\globals.h(47): warning C4305: 'initializing': truncation from 'double' to 'float'
c:\users\kraken lmk2\documents\school\spring16\cs167final\cse167-final-project\texture.h(5): fatal error C1083: Cannot open include file: 'SOIL.h': No such file or directory
  Camera.cpp
c:\users\kraken lmk2\documents\school\spring16\cs167final\cse167-final-project\globals.h(47): warning C4305: 'initializing': truncation from 'double' to 'float'
c:\users\kraken lmk2\documents\school\spring16\cs167final\cse167-final-project\texture.h(5): fatal error C1083: Cannot open include file: 'SOIL.h': No such file or directory
  Generating Code...
